0 info it worked if it ends with ok
1 verbose cli [ '/usr/bin/node', '/usr/bin/npm', 'start' ]
2 info using npm@2.15.1
3 info using node@v0.10.48
4 verbose node symlink /usr/bin/node
5 verbose run-script [ 'prestart', 'start', 'poststart' ]
6 info prestart react-shop@0.2.0
7 info start react-shop@0.2.0
8 verbose unsafe-perm in lifecycle true
9 info react-shop@0.2.0 Failed to exec start script
10 verbose stack Error: react-shop@0.2.0 start: `react-scripts start`
10 verbose stack spawn ENOENT
10 verbose stack     at ChildProcess.<anonymous> (/usr/lib/node_modules/npm/lib/utils/spawn.js:17:16)
10 verbose stack     at ChildProcess.emit (events.js:98:17)
10 verbose stack     at maybeClose (child_process.js:766:16)
10 verbose stack     at Process.ChildProcess._handle.onexit (child_process.js:833:5)
11 verbose pkgid react-shop@0.2.0
12 verbose cwd /home/godown/Public/mich/Vessel-Wines-clone-master/src
13 error Linux 3.13.0-117-generic
14 error argv "/usr/bin/node" "/usr/bin/npm" "start"
15 error node v0.10.48
16 error npm  v2.15.1
17 error file sh
18 error code ELIFECYCLE
19 error errno ENOENT
20 error syscall spawn
21 error react-shop@0.2.0 start: `react-scripts start`
21 error spawn ENOENT
22 error Failed at the react-shop@0.2.0 start script 'react-scripts start'.
22 error This is most likely a problem with the react-shop package,
22 error not with npm itself.
22 error Tell the author that this fails on your system:
22 error     react-scripts start
22 error You can get information on how to open an issue for this project with:
22 error     npm bugs react-shop
22 error Or if that isn't available, you can get their info via:
22 error
22 error     npm owner ls react-shop
22 error There is likely additional logging output above.
23 verbose exit [ 1, true ]
